Invalidated Stairs:
[0,5,12,1,2,10]
Invalidated Poles:
Invalidated Walls:
Invalidated Stairs:
[0,5,12,1,2,10]
Invalidated Poles:
Invalidated Walls:
Invalidated Stairs:
[0,5,12,1,2,10]
Invalidated Poles:
Invalidated Walls:
Invalidated Stairs:
[0,5,12,1,2,10]
Invalidated Poles:
Invalidated Walls:
Invalidated Stairs:
[0,5,12,1,2,10]
Invalidated Poles:
Invalidated Walls:
Invalidated Stairs:
[0,5,12,1,2,10]
Invalidated Poles:
Invalidated Walls:
Invalidated Stairs:
[0,5,12,1,2,10]
Invalidated Poles:
Invalidated Walls:
Invalidated Stairs:
[0,5,12,1,2,10]
Invalidated Poles:
Invalidated Walls:
Invalidated Stairs:
[0,5,12,1,2,10]
Invalidated Poles:
Invalidated Walls:
Invalidated Stairs:
[0,5,12,1,2,10]
Invalidated Poles:
Invalidated Walls:
Invalidated Stairs:
[0,5,12,1,2,10]
Invalidated Poles:
Invalidated Walls:
Invalidated Stairs:
[0,5,12,1,2,10]
Invalidated Poles:
Invalidated Walls:
Invalidated Stairs:
[0,5,12,1,2,10]
Invalidated Poles:
Invalidated Walls:
Invalidated Stairs:
[0,5,12,1,2,10]
Invalidated Poles:
Invalidated Walls:
Invalidated Stairs:
[0,5,12,1,2,10]
Invalidated Poles:
Invalidated Walls:
